<?xml version="1.0" encoding="UTF-8"?>
<!-- Generated by org.testng.reporters.JUnitXMLReporter -->
<testsuite ignored="0" hostname="Maya" failures="0" tests="3" name="TestN" time="11.341" errors="0" timestamp="06 Feb 2024 05:41:54 GMT">
  <testcase classname="roician.testng.TestSeleniumParameterized" name="display" time="0.101"/>
  <testcase classname="roician.testng.TestSeleniumParameterized" name="display" time="0.125"/>
  <testcase classname="roician.testng.TestSeleniumParameterized" name="display" time="0.09"/>
</testsuite> <!-- TestN -->
