<?xml version="1.0" encoding="UTF-8"?>
<!-- Generated by org.testng.reporters.JUnitXMLReporter -->
<testsuite ignored="0" hostname="Maya" failures="0" tests="6" name="Surefire test" time="32.434" errors="0" timestamp="06 Feb 2024 05:40:35 GMT">
  <testcase classname="roician.testng.TestSeleniumParameterized" name="display" time="0.089"/>
  <testcase classname="roician.testng.TestSeleniumParameterized" name="display" time="0.121"/>
  <testcase classname="roician.testng.TestSeleniumParameterized" name="display" time="0.088"/>
  <testcase classname="roician.testng.Testn" name="validcase" time="5.475"/>
  <testcase classname="roician.testng.TestSelenium" name="getTitle" time="0.019"/>
  <testcase classname="roician.testng.TestSelenium" name="gmailDisplay" time="0.047"/>
</testsuite> <!-- Surefire test -->
