<?xml version="1.0" encoding="UTF-8"?>
<testng-results ignored="0" total="5" passed="5" failed="0" skipped="0">
  <reporter-output>
  </reporter-output>
  <suite started-at="2024-02-06T05:41:43Z" name="TestNG Roician" finished-at="2024-02-06T05:42:02Z" duration-ms="18455">
    <groups>
      <group name="Title">
        <method signature="TestSelenium.getTitle()[pri:1, instance:roician.testng.TestSelenium@309e345f]" name="getTitle" class="roician.testng.TestSelenium"/>
      </group> <!-- Title -->
      <group name="Verification">
        <method signature="TestSelenium.gmailDisplay()[pri:2, instance:roician.testng.TestSelenium@309e345f]" name="gmailDisplay" class="roician.testng.TestSelenium"/>
      </group> <!-- Verification -->
    </groups>
    <test started-at="2024-02-06T05:41:43Z" name="TestN" finished-at="2024-02-06T05:41:54Z" duration-ms="11341">
      <class name="roician.testng.TestSeleniumParameterized">
        <test-method is-config="true" signature="before()[pri:0, instance:roician.testng.TestSeleniumParameterized@223f3642]" started-at="2024-02-06T00:41:43Z" name="before" finished-at="2024-02-06T00:41:47Z" duration-ms="3903" status="PASS">
          <reporter-output>
          </reporter-output>
        </test-method> <!-- before -->
        <test-method signature="display(java.lang.String)[pri:0, instance:roician.testng.TestSeleniumParameterized@223f3642]" started-at="2024-02-06T00:41:47Z" name="display" data-provider="getdata" finished-at="2024-02-06T00:41:47Z" duration-ms="101" status="PASS">
          <params>
            <param index="0">
              <value>
                <![CDATA[Roicians]]>
              </value>
            </param>
          </params>
          <reporter-output>
          </reporter-output>
        </test-method> <!-- display -->
        <test-method is-config="true" signature="closebrowser()[pri:0, instance:roician.testng.TestSeleniumParameterized@223f3642]" started-at="2024-02-06T00:41:47Z" name="closebrowser" finished-at="2024-02-06T00:41:47Z" duration-ms="108" status="PASS">
          <reporter-output>
          </reporter-output>
        </test-method> <!-- closebrowser -->
        <test-method is-config="true" signature="before()[pri:0, instance:roician.testng.TestSeleniumParameterized@223f3642]" started-at="2024-02-06T00:41:47Z" name="before" finished-at="2024-02-06T00:41:51Z" duration-ms="3397" status="PASS">
          <reporter-output>
          </reporter-output>
        </test-method> <!-- before -->
        <test-method signature="display(java.lang.String)[pri:0, instance:roician.testng.TestSeleniumParameterized@223f3642]" started-at="2024-02-06T00:41:51Z" name="display" data-provider="getdata" finished-at="2024-02-06T00:41:51Z" duration-ms="125" status="PASS">
          <params>
            <param index="0">
              <value>
                <![CDATA[Roician Automation testing]]>
              </value>
            </param>
          </params>
          <reporter-output>
          </reporter-output>
        </test-method> <!-- display -->
        <test-method is-config="true" signature="closebrowser()[pri:0, instance:roician.testng.TestSeleniumParameterized@223f3642]" started-at="2024-02-06T00:41:51Z" name="closebrowser" finished-at="2024-02-06T00:41:51Z" duration-ms="99" status="PASS">
          <reporter-output>
          </reporter-output>
        </test-method> <!-- closebrowser -->
        <test-method is-config="true" signature="before()[pri:0, instance:roician.testng.TestSeleniumParameterized@223f3642]" started-at="2024-02-06T00:41:51Z" name="before" finished-at="2024-02-06T00:41:54Z" duration-ms="3393" status="PASS">
          <reporter-output>
          </reporter-output>
        </test-method> <!-- before -->
        <test-method signature="display(java.lang.String)[pri:0, instance:roician.testng.TestSeleniumParameterized@223f3642]" started-at="2024-02-06T00:41:54Z" name="display" data-provider="getdata" finished-at="2024-02-06T00:41:54Z" duration-ms="90" status="PASS">
          <params>
            <param index="0">
              <value>
                <![CDATA[RoicianQA]]>
              </value>
            </param>
          </params>
          <reporter-output>
          </reporter-output>
        </test-method> <!-- display -->
        <test-method is-config="true" signature="closebrowser()[pri:0, instance:roician.testng.TestSeleniumParameterized@223f3642]" started-at="2024-02-06T00:41:54Z" name="closebrowser" finished-at="2024-02-06T00:41:54Z" duration-ms="107" status="PASS">
          <reporter-output>
          </reporter-output>
        </test-method> <!-- closebrowser -->
      </class> <!-- roician.testng.TestSeleniumParameterized -->
    </test> <!-- TestN -->
    <test started-at="2024-02-06T05:41:54Z" name="Smoke" finished-at="2024-02-06T05:42:02Z" duration-ms="7074">
      <class name="roician.testng.TestSeleniumParameterized">
        <test-method is-config="true" signature="driverSetUp()[pri:0, instance:roician.testng.TestSeleniumParameterized@223f3642]" started-at="2024-02-06T00:41:43Z" name="driverSetUp" finished-at="2024-02-06T00:41:43Z" duration-ms="7" status="PASS">
          <reporter-output>
          </reporter-output>
        </test-method> <!-- driverSetUp -->
        <test-method is-config="true" signature="driverSetUp()[pri:0, instance:roician.testng.TestSelenium@309e345f]" started-at="2024-02-06T00:41:43Z" name="driverSetUp" finished-at="2024-02-06T00:41:43Z" duration-ms="0" status="PASS">
          <reporter-output>
          </reporter-output>
        </test-method> <!-- driverSetUp -->
      </class> <!-- roician.testng.TestSeleniumParameterized -->
      <class name="roician.testng.TestSelenium">
        <test-method is-config="true" signature="before()[pri:0, instance:roician.testng.TestSelenium@309e345f]" started-at="2024-02-06T00:41:54Z" name="before" finished-at="2024-02-06T00:41:58Z" duration-ms="3414" status="PASS">
          <reporter-output>
          </reporter-output>
        </test-method> <!-- before -->
        <test-method signature="getTitle()[pri:1, instance:roician.testng.TestSelenium@309e345f]" started-at="2024-02-06T00:41:58Z" name="getTitle" finished-at="2024-02-06T00:41:58Z" duration-ms="12" status="PASS">
          <reporter-output>
          </reporter-output>
        </test-method> <!-- getTitle -->
        <test-method is-config="true" signature="closebrowser()[pri:0, instance:roician.testng.TestSelenium@309e345f]" started-at="2024-02-06T00:41:58Z" name="closebrowser" finished-at="2024-02-06T00:41:58Z" duration-ms="106" status="PASS">
          <reporter-output>
          </reporter-output>
        </test-method> <!-- closebrowser -->
        <test-method is-config="true" signature="before()[pri:0, instance:roician.testng.TestSelenium@309e345f]" started-at="2024-02-06T00:41:58Z" name="before" finished-at="2024-02-06T00:42:01Z" duration-ms="3388" status="PASS">
          <reporter-output>
          </reporter-output>
        </test-method> <!-- before -->
        <test-method signature="gmailDisplay()[pri:2, instance:roician.testng.TestSelenium@309e345f]" started-at="2024-02-06T00:42:01Z" name="gmailDisplay" finished-at="2024-02-06T00:42:01Z" depends-on-methods="roician.testng.TestSelenium.getTitle" duration-ms="55" status="PASS">
          <reporter-output>
          </reporter-output>
        </test-method> <!-- gmailDisplay -->
        <test-method is-config="true" signature="closebrowser()[pri:0, instance:roician.testng.TestSelenium@309e345f]" started-at="2024-02-06T00:42:01Z" name="closebrowser" finished-at="2024-02-06T00:42:02Z" duration-ms="94" status="PASS">
          <reporter-output>
          </reporter-output>
        </test-method> <!-- closebrowser -->
      </class> <!-- roician.testng.TestSelenium -->
    </test> <!-- Smoke -->
  </suite> <!-- TestNG Roician -->
</testng-results>
